<?xml version="1.0" encoding="UTF-8"?>
<testsuite xmlns:xsi="http://www.w3.org/2001/XMLSchema-instance" xsi:noNamespaceSchemaLocation="https://maven.apache.org/surefire/maven-surefire-plugin/xsd/surefire-test-report.xsd" name="com.test.AppTest" time="0.049" tests="1" errors="0" skipped="0" failures="0">
  <properties>
    <property name="sun.desktop" value="windows"/>
    <property name="awt.toolkit" value="sun.awt.windows.WToolkit"/>
    <property name="file.encoding.pkg" value="sun.io"/>
    <property name="java.specification.version" value="1.8"/>
    <property name="sun.cpu.isalist" value="amd64"/>
    <property name="sun.jnu.encoding" value="GBK"/>
    <property name="java.class.path" value="C:\Users\13550\Desktop\code\bookstore\target\test-classes;C:\Users\13550\Desktop\code\bookstore\target\classes;D:\Dev\Maven\.m2\repository\mysql\mysql-connector-java\8.0.25\mysql-connector-java-8.0.25.jar;D:\Dev\Maven\.m2\repository\com\google\protobuf\protobuf-java\3.11.4\protobuf-java-3.11.4.jar;D:\Dev\Maven\.m2\repository\junit\junit\4.11\junit-4.11.jar;D:\Dev\Maven\.m2\repository\org\hamcrest\hamcrest-core\1.3\hamcrest-core-1.3.jar;"/>
    <property name="java.vm.vendor" value="Microsoft"/>
    <property name="sun.arch.data.model" value="64"/>
    <property name="user.variant" value=""/>
    <property name="java.vendor.url" value="https://www.microsoft.com/"/>
    <property name="user.timezone" value="Asia/Shanghai"/>
    <property name="java.vm.specification.version" value="1.8"/>
    <property name="os.name" value="Windows 10"/>
    <property name="user.country" value="CN"/>
    <property name="sun.java.launcher" value="SUN_STANDARD"/>
    <property name="sun.boot.library.path" value="D:\Program Files\Android\jdk\microsoft_dist_openjdk_1.8.0.25\jre\bin"/>
    <property name="sun.java.command" value="C:\Users\13550\AppData\Local\Temp\surefire5519352361732256591\surefirebooter3889036303193825553.jar C:\Users\13550\AppData\Local\Temp\surefire5519352361732256591 2021-07-17T10-05-05_931-jvmRun1 surefire8889008238371580291tmp surefire_08243961426521772733tmp"/>
    <property name="surefire.test.class.path" value="C:\Users\13550\Desktop\code\bookstore\target\test-classes;C:\Users\13550\Desktop\code\bookstore\target\classes;D:\Dev\Maven\.m2\repository\mysql\mysql-connector-java\8.0.25\mysql-connector-java-8.0.25.jar;D:\Dev\Maven\.m2\repository\com\google\protobuf\protobuf-java\3.11.4\protobuf-java-3.11.4.jar;D:\Dev\Maven\.m2\repository\junit\junit\4.11\junit-4.11.jar;D:\Dev\Maven\.m2\repository\org\hamcrest\hamcrest-core\1.3\hamcrest-core-1.3.jar;"/>
    <property name="sun.cpu.endian" value="little"/>
    <property name="user.home" value="C:\Users\13550"/>
    <property name="user.language" value="zh"/>
    <property name="java.specification.vendor" value="Oracle Corporation"/>
    <property name="java.home" value="D:\Program Files\Android\jdk\microsoft_dist_openjdk_1.8.0.25\jre"/>
    <property name="basedir" value="C:\Users\13550\Desktop\code\bookstore"/>
    <property name="file.separator" value="\"/>
    <property name="line.separator" value="&#10;"/>
    <property name="java.vm.specification.vendor" value="Oracle Corporation"/>
    <property name="java.specification.name" value="Java Platform API Specification"/>
    <property name="java.awt.graphicsenv" value="sun.awt.Win32GraphicsEnvironment"/>
    <property name="surefire.real.class.path" value="C:\Users\13550\AppData\Local\Temp\surefire5519352361732256591\surefirebooter3889036303193825553.jar"/>
    <property name="sun.boot.class.path" value="D:\Program Files\Android\jdk\microsoft_dist_openjdk_1.8.0.25\jre\lib\resources.jar;D:\Program Files\Android\jdk\microsoft_dist_openjdk_1.8.0.25\jre\lib\rt.jar;D:\Program Files\Android\jdk\microsoft_dist_openjdk_1.8.0.25\jre\lib\sunrsasign.jar;D:\Program Files\Android\jdk\microsoft_dist_openjdk_1.8.0.25\jre\lib\jsse.jar;D:\Program Files\Android\jdk\microsoft_dist_openjdk_1.8.0.25\jre\lib\jce.jar;D:\Program Files\Android\jdk\microsoft_dist_openjdk_1.8.0.25\jre\lib\charsets.jar;D:\Program Files\Android\jdk\microsoft_dist_openjdk_1.8.0.25\jre\lib\jfr.jar;D:\Program Files\Android\jdk\microsoft_dist_openjdk_1.8.0.25\jre\classes"/>
    <property name="user.script" value=""/>
    <property name="sun.management.compiler" value="HotSpot 64-Bit Tiered Compilers"/>
    <property name="java.runtime.version" value="1.8.0-25-microsoft-b00"/>
    <property name="user.name" value="0930"/>
    <property name="path.separator" value=";"/>
    <property name="os.version" value="10.0"/>
    <property name="java.endorsed.dirs" value="D:\Program Files\Android\jdk\microsoft_dist_openjdk_1.8.0.25\jre\lib\endorsed"/>
    <property name="java.runtime.name" value="OpenJDK Runtime Environment"/>
    <property name="file.encoding" value="GBK"/>
    <property name="java.vm.name" value="OpenJDK 64-Bit Server VM"/>
    <property name="localRepository" value="D:\Dev\Maven\.m2\repository"/>
    <property name="java.vendor.url.bug" value="https://developercommunity.visualstudio.com"/>
    <property name="java.io.tmpdir" value="C:\Users\13550\AppData\Local\Temp\"/>
    <property name="java.version" value="1.8.0-25"/>
    <property name="user.dir" value="C:\Users\13550\Desktop\code\bookstore"/>
    <property name="os.arch" value="amd64"/>
    <property name="java.vm.specification.name" value="Java Virtual Machine Specification"/>
    <property name="java.awt.printerjob" value="sun.awt.windows.WPrinterJob"/>
    <property name="sun.os.patch.level" value=""/>
    <property name="idea.version2019.3.3" value="true"/>
    <property name="java.library.path" value="D:\Program Files\Android\jdk\microsoft_dist_openjdk_1.8.0.25\jre\bin;C:\WINDOWS\Sun\Java\bin;C:\WINDOWS\system32;C:\WINDOWS;D:\Dev\apache-maven-3.8.1\bin;D:\MinGW64\bin;C:\Program Files (x86)\Intel\iCLS Client\;C:\Program Files\Intel\iCLS Client\;C:\windows\system32;C:\windows;C:\windows\System32\Wbem;C:\windows\System32\WindowsPowerShell\v1.0\;C:\Program Files (x86)\Intel\Intel(R) Management Engine Components\DAL;C:\Program Files\Intel\Intel(R) Management Engine Components\DAL;C:\Program Files (x86)\Intel\Intel(R) Management Engine Components\IPT;C:\Program Files\Intel\Intel(R) Management Engine Components\IPT;C:\Program Files (x86)\NVIDIA Corporation\PhysX\Common;C:\Program Files (x86)\Microsoft SQL Server\100\Tools\Binn\;C:\Program Files\Microsoft SQL Server\100\Tools\Binn\;C:\Program Files\Microsoft SQL Server\100\DTS\Binn\;C:\WINDOWS\system32;C:\WINDOWS;C:\WINDOWS\System32\Wbem;C:\WINDOWS\System32\WindowsPowerShell\v1.0\;C:\WINDOWS\System32\OpenSSH\;C:\Program Files\Intel\WiFi\bin\;C:\Program Files\Common Files\Intel\WirelessCommon\;C:\WINDOWS\system32;C:\WINDOWS;C:\WINDOWS\System32\Wbem;C:\WINDOWS\System32\WindowsPowerShell\v1.0\;C:\WINDOWS\System32\OpenSSH\;C:\Program Files (x86)\Microsoft SQL Server\90\Tools\binn\;D:\Program Files\dotnet\;D:\Program Files\OpenSSH\bin;D:\Program Files\Android\jdk\microsoft_dist_openjdk_1.8.0.25\bin;D:\Users\13550\anaconda3\bin;C:\Users\13550\AppData\Local\Programs\Python\Python38-32\Scripts\;C:\Users\13550\AppData\Local\Programs\Python\Python38-32\;C:\Users\13550\AppData\Local\Microsoft\WindowsApps;D:\Users\13550\AppData\Local\Programs\Microsoft VS Code\bin;C:\Users\13550\.dotnet\tools;D:\Program Files\JetBrains\PyCharm 2019.3.3\bin;;D:\Program Files\JetBrains\IntelliJ IDEA 2019.3.3\bin;;D:\Dev\mysql-8.0.25-winx64\bin;D:\Program Files\JetBrains\CLion 2019.3.4\bin;;C:\Users\13550\AppData\Local\GitHubDesktop\bin;D:\Users\13550\AppData\Local\GitHubDesktop\bin;D:\Dev\apache-maven-3.8.1\bin;D:\Dev\ffmpeg-2021-07-14-git-ca56299fb3-full_build\bin;;."/>
    <property name="java.vm.info" value="mixed mode"/>
    <property name="java.vendor" value="Microsoft"/>
    <property name="java.vm.version" value="25.71-b00"/>
    <property name="java.ext.dirs" value="D:\Program Files\Android\jdk\microsoft_dist_openjdk_1.8.0.25\jre\lib\ext;C:\WINDOWS\Sun\Java\lib\ext"/>
    <property name="sun.io.unicode.encoding" value="UnicodeLittle"/>
    <property name="maven.repo.local" value="D:\Dev\Maven\.m2\repository"/>
    <property name="java.class.version" value="52.0"/>
  </properties>
  <testcase name="shouldAnswerWithTrue" classname="com.test.AppTest" time="0"/>
</testsuite>